Copyright 1986-2019 Xilinx, Inc. All Rights Reserved.
------------------------------------------------------------------------------------
| Tool Version : Vivado v.2019.1 (win64) Build 2552052 Fri May 24 14:49:42 MDT 2019
| Date         : Mon Feb 24 15:09:46 2020
| Host         : DESKTOP-260N3EK running 64-bit major release  (build 9200)
| Command      : upgrade_ip
| Device       : xc7z020clg400-1
------------------------------------------------------------------------------------

Upgrade Log for IP 'design_1_DLU_0_0'

1. Summary
----------

SUCCESS in the upgrade of design_1_DLU_0_0 (xilinx.com:hls:DLU:1.0) from (Rev. 2002240140) to (Rev. 2002241506)






Copyright 1986-2019 Xilinx, Inc. All Rights Reserved.
------------------------------------------------------------------------------------
| Tool Version : Vivado v.2019.1 (win64) Build 2552052 Fri May 24 14:49:42 MDT 2019
| Date         : Mon Feb 24 01:41:00 2020
| Host         : DESKTOP-260N3EK running 64-bit major release  (build 9200)
| Command      : upgrade_ip
| Device       : xc7z020clg400-1
------------------------------------------------------------------------------------

Upgrade Log for IP 'design_1_DLU_0_0'

1. Summary
----------

SUCCESS in the upgrade of design_1_DLU_0_0 (xilinx.com:hls:DLU:1.0) from (Rev. 2002220323) to (Rev. 2002240140)






Copyright 1986-2019 Xilinx, Inc. All Rights Reserved.
------------------------------------------------------------------------------------
| Tool Version : Vivado v.2019.1 (win64) Build 2552052 Fri May 24 14:49:42 MDT 2019
| Date         : Sat Feb 22 03:24:35 2020
| Host         : DESKTOP-260N3EK running 64-bit major release  (build 9200)
| Command      : upgrade_ip
| Device       : xc7z020clg400-1
------------------------------------------------------------------------------------

Upgrade Log for IP 'design_1_DLU_0_0'

1. Summary
----------

SUCCESS in the upgrade of design_1_DLU_0_0 (xilinx.com:hls:DLU:1.0) from (Rev. 2002210352) to (Rev. 2002220323)






Copyright 1986-2019 Xilinx, Inc. All Rights Reserved.
------------------------------------------------------------------------------------
| Tool Version : Vivado v.2019.1 (win64) Build 2552052 Fri May 24 14:49:42 MDT 2019
| Date         : Fri Feb 21 04:01:21 2020
| Host         : DESKTOP-260N3EK running 64-bit major release  (build 9200)
| Command      : upgrade_ip
| Device       : xc7z020clg400-1
------------------------------------------------------------------------------------

Upgrade Log for IP 'design_1_DLU_0_0'

1. Summary
----------

SUCCESS in the upgrade of design_1_DLU_0_0 (xilinx.com:hls:DLU:1.0) from (Rev. 2002171244) to (Rev. 2002210352)






Copyright 1986-2019 Xilinx, Inc. All Rights Reserved.
------------------------------------------------------------------------------------
| Tool Version : Vivado v.2019.1 (win64) Build 2552052 Fri May 24 14:49:42 MDT 2019
| Date         : Thu Feb 13 02:07:40 2020
| Host         : DESKTOP-260N3EK running 64-bit major release  (build 9200)
| Command      : upgrade_ip
| Device       : xc7z020clg400-1
------------------------------------------------------------------------------------

Upgrade Log for IP 'design_1_sampleGenerator_0_0'

1. Summary
----------

SUCCESS in the upgrade of design_1_sampleGenerator_0_0 (xilinx.com:hls:sampleGenerator:1.0) from (Rev. 2002120414) to (Rev. 2002130206)






Copyright 1986-2019 Xilinx, Inc. All Rights Reserved.
------------------------------------------------------------------------------------
| Tool Version : Vivado v.2019.1 (win64) Build 2552052 Fri May 24 14:49:42 MDT 2019
| Date         : Wed Feb 12 04:15:13 2020
| Host         : DESKTOP-260N3EK running 64-bit major release  (build 9200)
| Command      : upgrade_ip
| Device       : xc7z020clg400-1
------------------------------------------------------------------------------------

Upgrade Log for IP 'design_1_sampleGenerator_0_0'

1. Summary
----------

SUCCESS in the upgrade of design_1_sampleGenerator_0_0 (xilinx.com:hls:sampleGenerator:1.0) from (Rev. 2002120402) to (Rev. 2002120414)






Copyright 1986-2019 Xilinx, Inc. All Rights Reserved.
------------------------------------------------------------------------------------
| Tool Version : Vivado v.2019.1 (win64) Build 2552052 Fri May 24 14:49:42 MDT 2019
| Date         : Wed Feb 12 04:02:59 2020
| Host         : DESKTOP-260N3EK running 64-bit major release  (build 9200)
| Command      : upgrade_ip
| Device       : xc7z020clg400-1
------------------------------------------------------------------------------------

Upgrade Log for IP 'design_1_sampleGenerator_0_0'

1. Summary
----------

SUCCESS in the upgrade of design_1_sampleGenerator_0_0 (xilinx.com:hls:sampleGenerator:1.0) from (Rev. 2002120255) to (Rev. 2002120402)






Copyright 1986-2019 Xilinx, Inc. All Rights Reserved.
------------------------------------------------------------------------------------
| Tool Version : Vivado v.2019.1 (win64) Build 2552052 Fri May 24 14:49:42 MDT 2019
| Date         : Wed Feb 12 02:57:11 2020
| Host         : DESKTOP-260N3EK running 64-bit major release  (build 9200)
| Command      : upgrade_ip
| Device       : xc7z020clg400-1
------------------------------------------------------------------------------------

Upgrade Log for IP 'design_1_sampleGenerator_0_0'

1. Summary
----------

SUCCESS in the upgrade of design_1_sampleGenerator_0_0 (xilinx.com:hls:sampleGenerator:1.0) from (Rev. 2002112342) to (Rev. 2002120255)






Copyright 1986-2019 Xilinx, Inc. All Rights Reserved.
------------------------------------------------------------------------------------
| Tool Version : Vivado v.2019.1 (win64) Build 2552052 Fri May 24 14:49:42 MDT 2019
| Date         : Tue Feb 11 23:44:06 2020
| Host         : DESKTOP-260N3EK running 64-bit major release  (build 9200)
| Command      : upgrade_ip
| Device       : xc7z020clg400-1
------------------------------------------------------------------------------------

Upgrade Log for IP 'design_1_sampleGenerator_0_0'

1. Summary
----------

SUCCESS in the upgrade of design_1_sampleGenerator_0_0 (xilinx.com:hls:sampleGenerator:1.0) from (Rev. 2002091833) to (Rev. 2002112342)

