18:37:55 INFO  : Registering command handlers for SDK TCF services
18:37:56 INFO  : Launching XSCT server: xsct.bat -interactive C:\Users\Mohsen\Desktop\zturn_sg_DMA\Mahsa\Zturn_SG_DMA\Zturn_SG_DMA.sdk\temp_xsdb_launch_script.tcl
18:38:00 INFO  : XSCT server has started successfully.
18:38:00 INFO  : Successfully done setting XSCT server connection channel  
18:38:01 INFO  : Successfully done setting SDK workspace  
18:38:01 INFO  : Processing command line option -hwspec C:/Users/Mohsen/Desktop/zturn_sg_DMA/Mahsa/Zturn_SG_DMA/Zturn_SG_DMA.sdk/design_1_wrapper.hdf.
19:31:39 INFO  : Connected to target on host '127.0.0.1' and port '3121'.
19:31:40 INFO  : 'targets -set -filter {jtag_cable_name =~ "Digilent JTAG-HS2 201809054758" && level==0} -index 1' command is executed.
19:31:43 INFO  : FPGA configured successfully with bitstream "C:/Users/Mohsen/Desktop/zturn_sg_DMA/Mahsa/Zturn_SG_DMA/Zturn_SG_DMA.sdk/design_1_wrapper_hw_platform_0/design_1_wrapper.bit"
19:33:28 INFO  : Connected to target on host '127.0.0.1' and port '3121'.
19:33:28 INFO  : 'targets -set -filter {jtag_cable_name =~ "Digilent JTAG-HS2 201809054758" && level==0} -index 1' command is executed.
19:33:31 INFO  : FPGA configured successfully with bitstream "C:/Users/Mohsen/Desktop/zturn_sg_DMA/Mahsa/Zturn_SG_DMA/Zturn_SG_DMA.sdk/design_1_wrapper_hw_platform_0/design_1_wrapper.bit"
19:34:21 INFO  : 'targets -set -filter {jtag_cable_name =~ "Digilent JTAG-HS2 201809054758" && level==0} -index 1' command is executed.
19:34:21 INFO  : 'fpga -state' command is executed.
19:34:21 INFO  : Connected to target on host '127.0.0.1' and port '3121'.
19:34:21 INFO  : Jtag cable 'Digilent JTAG-HS2 201809054758' is selected.
19:34:21 INFO  : 'jtag frequency' command is executed.
19:34:21 INFO  : Sourcing of 'C:/Users/Mohsen/Desktop/zturn_sg_DMA/Mahsa/Zturn_SG_DMA/Zturn_SG_DMA.sdk/design_1_wrapper_hw_platform_0/ps7_init.tcl' is done.
19:34:21 INFO  : Context for 'APU' is selected.
19:34:22 INFO  : Hardware design information is loaded from 'C:/Users/Mohsen/Desktop/zturn_sg_DMA/Mahsa/Zturn_SG_DMA/Zturn_SG_DMA.sdk/design_1_wrapper_hw_platform_0/system.hdf'.
19:34:22 INFO  : 'configparams force-mem-access 1' command is executed.
19:34:22 INFO  : Context for 'APU' is selected.
19:34:22 INFO  : 'stop' command is executed.
19:34:22 INFO  : 'ps7_init' command is executed.
19:34:22 INFO  : 'ps7_post_config' command is executed.
19:34:22 INFO  : Context for processor 'ps7_cortexa9_0' is selected.
19:34:23 INFO  : Processor reset is completed for 'ps7_cortexa9_0'.
19:34:23 INFO  : Context for processor 'ps7_cortexa9_0' is selected.
19:34:23 INFO  : The application 'C:/Users/Mohsen/Desktop/zturn_sg_DMA/Mahsa/Zturn_SG_DMA/Zturn_SG_DMA.sdk/DLU_4/Debug/DLU_4.elf' is downloaded to processor 'ps7_cortexa9_0'.
19:34:23 INFO  : 'configparams force-mem-access 0' command is executed.
19:34:23 INFO  : ----------------XSDB Script----------------
connect -url tcp:127.0.0.1:3121
source C:/Users/Mohsen/Desktop/zturn_sg_DMA/Mahsa/Zturn_SG_DMA/Zturn_SG_DMA.sdk/design_1_wrapper_hw_platform_0/ps7_init.tcl
targets -set -nocase -filter {name =~"APU*" && jtag_cable_name =~ "Digilent JTAG-HS2 201809054758"} -index 0
loadhw -hw C:/Users/Mohsen/Desktop/zturn_sg_DMA/Mahsa/Zturn_SG_DMA/Zturn_SG_DMA.sdk/design_1_wrapper_hw_platform_0/system.hdf -mem-ranges [list {0x40000000 0xbfffffff}]
configparams force-mem-access 1
targets -set -nocase -filter {name =~"APU*" && jtag_cable_name =~ "Digilent JTAG-HS2 201809054758"} -index 0
stop
ps7_init
ps7_post_config
targets -set -nocase -filter {name =~ "ARM*#0" && jtag_cable_name =~ "Digilent JTAG-HS2 201809054758"} -index 0
rst -processor
targets -set -nocase -filter {name =~ "ARM*#0" && jtag_cable_name =~ "Digilent JTAG-HS2 201809054758"} -index 0
dow C:/Users/Mohsen/Desktop/zturn_sg_DMA/Mahsa/Zturn_SG_DMA/Zturn_SG_DMA.sdk/DLU_4/Debug/DLU_4.elf
configparams force-mem-access 0
----------------End of Script----------------

19:34:23 INFO  : Memory regions updated for context APU
19:34:24 INFO  : Context for processor 'ps7_cortexa9_0' is selected.
19:34:24 INFO  : 'con' command is executed.
19:34:24 INFO  : ----------------XSDB Script (After Launch)----------------
targets -set -nocase -filter {name =~ "ARM*#0" && jtag_cable_name =~ "Digilent JTAG-HS2 201809054758"} -index 0
con
----------------End of Script----------------

19:34:24 INFO  : Launch script is exported to file 'C:\Users\Mohsen\Desktop\zturn_sg_DMA\Mahsa\Zturn_SG_DMA\Zturn_SG_DMA.sdk\.sdk\launch_scripts\xilinx_c-c++_application_(system_debugger)\system_debugger_using_debug_dlu_4.elf_on_local.tcl'
19:34:49 INFO  : Disconnected from the channel tcfchan#1.
19:34:50 INFO  : 'targets -set -filter {jtag_cable_name =~ "Digilent JTAG-HS2 201809054758" && level==0} -index 1' command is executed.
19:34:50 INFO  : 'fpga -state' command is executed.
19:34:50 INFO  : Connected to target on host '127.0.0.1' and port '3121'.
19:34:51 INFO  : Jtag cable 'Digilent JTAG-HS2 201809054758' is selected.
19:34:51 INFO  : 'jtag frequency' command is executed.
19:34:51 INFO  : Sourcing of 'C:/Users/Mohsen/Desktop/zturn_sg_DMA/Mahsa/Zturn_SG_DMA/Zturn_SG_DMA.sdk/design_1_wrapper_hw_platform_0/ps7_init.tcl' is done.
19:34:51 INFO  : Context for 'APU' is selected.
19:34:55 INFO  : Hardware design information is loaded from 'C:/Users/Mohsen/Desktop/zturn_sg_DMA/Mahsa/Zturn_SG_DMA/Zturn_SG_DMA.sdk/design_1_wrapper_hw_platform_0/system.hdf'.
19:34:55 INFO  : 'configparams force-mem-access 1' command is executed.
19:34:55 INFO  : Context for 'APU' is selected.
19:34:55 INFO  : 'stop' command is executed.
19:34:56 INFO  : 'ps7_init' command is executed.
19:34:56 INFO  : 'ps7_post_config' command is executed.
19:34:56 INFO  : Context for processor 'ps7_cortexa9_0' is selected.
19:34:56 INFO  : Processor reset is completed for 'ps7_cortexa9_0'.
19:34:56 INFO  : Context for processor 'ps7_cortexa9_0' is selected.
19:34:56 INFO  : The application 'C:/Users/Mohsen/Desktop/zturn_sg_DMA/Mahsa/Zturn_SG_DMA/Zturn_SG_DMA.sdk/DLU_4/Debug/DLU_4.elf' is downloaded to processor 'ps7_cortexa9_0'.
19:34:56 INFO  : 'configparams force-mem-access 0' command is executed.
19:34:56 INFO  : ----------------XSDB Script----------------
connect -url tcp:127.0.0.1:3121
source C:/Users/Mohsen/Desktop/zturn_sg_DMA/Mahsa/Zturn_SG_DMA/Zturn_SG_DMA.sdk/design_1_wrapper_hw_platform_0/ps7_init.tcl
targets -set -nocase -filter {name =~"APU*" && jtag_cable_name =~ "Digilent JTAG-HS2 201809054758"} -index 0
loadhw -hw C:/Users/Mohsen/Desktop/zturn_sg_DMA/Mahsa/Zturn_SG_DMA/Zturn_SG_DMA.sdk/design_1_wrapper_hw_platform_0/system.hdf -mem-ranges [list {0x40000000 0xbfffffff}]
configparams force-mem-access 1
targets -set -nocase -filter {name =~"APU*" && jtag_cable_name =~ "Digilent JTAG-HS2 201809054758"} -index 0
stop
ps7_init
ps7_post_config
targets -set -nocase -filter {name =~ "ARM*#0" && jtag_cable_name =~ "Digilent JTAG-HS2 201809054758"} -index 0
rst -processor
targets -set -nocase -filter {name =~ "ARM*#0" && jtag_cable_name =~ "Digilent JTAG-HS2 201809054758"} -index 0
dow C:/Users/Mohsen/Desktop/zturn_sg_DMA/Mahsa/Zturn_SG_DMA/Zturn_SG_DMA.sdk/DLU_4/Debug/DLU_4.elf
configparams force-mem-access 0
----------------End of Script----------------

19:34:57 INFO  : Memory regions updated for context APU
19:34:57 INFO  : Context for processor 'ps7_cortexa9_0' is selected.
19:34:57 INFO  : 'con' command is executed.
19:34:57 INFO  : ----------------XSDB Script (After Launch)----------------
targets -set -nocase -filter {name =~ "ARM*#0" && jtag_cable_name =~ "Digilent JTAG-HS2 201809054758"} -index 0
con
----------------End of Script----------------

19:34:57 INFO  : Launch script is exported to file 'C:\Users\Mohsen\Desktop\zturn_sg_DMA\Mahsa\Zturn_SG_DMA\Zturn_SG_DMA.sdk\.sdk\launch_scripts\xilinx_c-c++_application_(system_debugger)\system_debugger_using_debug_dlu_4.elf_on_local.tcl'
19:48:15 INFO  : Connected to target on host '127.0.0.1' and port '3121'.
19:48:15 INFO  : 'targets -set -filter {jtag_cable_name =~ "Digilent JTAG-HS2 201809054758" && level==0} -index 1' command is executed.
19:48:18 INFO  : FPGA configured successfully with bitstream "C:/Users/Mohsen/Desktop/zturn_sg_DMA/Mahsa/Zturn_SG_DMA/Zturn_SG_DMA.sdk/design_1_wrapper_hw_platform_0/design_1_wrapper.bit"
19:49:10 INFO  : Disconnected from the channel tcfchan#2.
19:49:12 INFO  : 'targets -set -filter {jtag_cable_name =~ "Digilent JTAG-HS2 201809054758" && level==0} -index 1' command is executed.
19:49:12 INFO  : 'fpga -state' command is executed.
19:49:12 INFO  : Connected to target on host '127.0.0.1' and port '3121'.
19:49:12 INFO  : Jtag cable 'Digilent JTAG-HS2 201809054758' is selected.
19:49:12 INFO  : 'jtag frequency' command is executed.
19:49:12 INFO  : Sourcing of 'C:/Users/Mohsen/Desktop/zturn_sg_DMA/Mahsa/Zturn_SG_DMA/Zturn_SG_DMA.sdk/design_1_wrapper_hw_platform_0/ps7_init.tcl' is done.
19:49:12 INFO  : Context for 'APU' is selected.
19:49:16 INFO  : Hardware design information is loaded from 'C:/Users/Mohsen/Desktop/zturn_sg_DMA/Mahsa/Zturn_SG_DMA/Zturn_SG_DMA.sdk/design_1_wrapper_hw_platform_0/system.hdf'.
19:49:16 INFO  : 'configparams force-mem-access 1' command is executed.
19:49:16 INFO  : Context for 'APU' is selected.
19:49:16 INFO  : 'stop' command is executed.
19:49:17 INFO  : 'ps7_init' command is executed.
19:49:17 INFO  : 'ps7_post_config' command is executed.
19:49:17 INFO  : Context for processor 'ps7_cortexa9_0' is selected.
19:49:17 INFO  : Processor reset is completed for 'ps7_cortexa9_0'.
19:49:17 INFO  : Context for processor 'ps7_cortexa9_0' is selected.
19:49:17 INFO  : The application 'C:/Users/Mohsen/Desktop/zturn_sg_DMA/Mahsa/Zturn_SG_DMA/Zturn_SG_DMA.sdk/DLU_4/Debug/DLU_4.elf' is downloaded to processor 'ps7_cortexa9_0'.
19:49:17 INFO  : 'configparams force-mem-access 0' command is executed.
19:49:17 INFO  : ----------------XSDB Script----------------
connect -url tcp:127.0.0.1:3121
source C:/Users/Mohsen/Desktop/zturn_sg_DMA/Mahsa/Zturn_SG_DMA/Zturn_SG_DMA.sdk/design_1_wrapper_hw_platform_0/ps7_init.tcl
targets -set -nocase -filter {name =~"APU*" && jtag_cable_name =~ "Digilent JTAG-HS2 201809054758"} -index 0
loadhw -hw C:/Users/Mohsen/Desktop/zturn_sg_DMA/Mahsa/Zturn_SG_DMA/Zturn_SG_DMA.sdk/design_1_wrapper_hw_platform_0/system.hdf -mem-ranges [list {0x40000000 0xbfffffff}]
configparams force-mem-access 1
targets -set -nocase -filter {name =~"APU*" && jtag_cable_name =~ "Digilent JTAG-HS2 201809054758"} -index 0
stop
ps7_init
ps7_post_config
targets -set -nocase -filter {name =~ "ARM*#0" && jtag_cable_name =~ "Digilent JTAG-HS2 201809054758"} -index 0
rst -processor
targets -set -nocase -filter {name =~ "ARM*#0" && jtag_cable_name =~ "Digilent JTAG-HS2 201809054758"} -index 0
dow C:/Users/Mohsen/Desktop/zturn_sg_DMA/Mahsa/Zturn_SG_DMA/Zturn_SG_DMA.sdk/DLU_4/Debug/DLU_4.elf
configparams force-mem-access 0
----------------End of Script----------------

19:49:17 INFO  : Memory regions updated for context APU
19:49:17 INFO  : Context for processor 'ps7_cortexa9_0' is selected.
19:49:17 INFO  : 'con' command is executed.
19:49:17 INFO  : ----------------XSDB Script (After Launch)----------------
targets -set -nocase -filter {name =~ "ARM*#0" && jtag_cable_name =~ "Digilent JTAG-HS2 201809054758"} -index 0
con
----------------End of Script----------------

19:49:17 INFO  : Launch script is exported to file 'C:\Users\Mohsen\Desktop\zturn_sg_DMA\Mahsa\Zturn_SG_DMA\Zturn_SG_DMA.sdk\.sdk\launch_scripts\xilinx_c-c++_application_(system_debugger)\system_debugger_using_debug_dlu_4.elf_on_local.tcl'
19:54:15 INFO  : Connected to target on host '127.0.0.1' and port '3121'.
19:54:15 INFO  : 'targets -set -filter {jtag_cable_name =~ "Digilent JTAG-HS2 201809054758" && level==0} -index 1' command is executed.
19:54:18 INFO  : FPGA configured successfully with bitstream "C:/Users/Mohsen/Desktop/zturn_sg_DMA/Mahsa/Zturn_SG_DMA/Zturn_SG_DMA.sdk/design_1_wrapper_hw_platform_0/design_1_wrapper.bit"
19:54:40 INFO  : Disconnected from the channel tcfchan#3.
19:54:42 INFO  : 'targets -set -filter {jtag_cable_name =~ "Digilent JTAG-HS2 201809054758" && level==0} -index 1' command is executed.
19:54:42 INFO  : 'fpga -state' command is executed.
19:54:42 INFO  : Connected to target on host '127.0.0.1' and port '3121'.
19:54:42 INFO  : Jtag cable 'Digilent JTAG-HS2 201809054758' is selected.
19:54:42 INFO  : 'jtag frequency' command is executed.
19:54:42 INFO  : Sourcing of 'C:/Users/Mohsen/Desktop/zturn_sg_DMA/Mahsa/Zturn_SG_DMA/Zturn_SG_DMA.sdk/design_1_wrapper_hw_platform_0/ps7_init.tcl' is done.
19:54:42 INFO  : Context for 'APU' is selected.
19:54:46 INFO  : Hardware design information is loaded from 'C:/Users/Mohsen/Desktop/zturn_sg_DMA/Mahsa/Zturn_SG_DMA/Zturn_SG_DMA.sdk/design_1_wrapper_hw_platform_0/system.hdf'.
19:54:46 INFO  : 'configparams force-mem-access 1' command is executed.
19:54:46 INFO  : Context for 'APU' is selected.
19:54:46 INFO  : 'stop' command is executed.
19:54:46 INFO  : 'ps7_init' command is executed.
19:54:47 INFO  : 'ps7_post_config' command is executed.
19:54:47 INFO  : Context for processor 'ps7_cortexa9_0' is selected.
19:54:47 INFO  : Processor reset is completed for 'ps7_cortexa9_0'.
19:54:47 INFO  : Context for processor 'ps7_cortexa9_0' is selected.
19:54:47 INFO  : The application 'C:/Users/Mohsen/Desktop/zturn_sg_DMA/Mahsa/Zturn_SG_DMA/Zturn_SG_DMA.sdk/DLU_4/Debug/DLU_4.elf' is downloaded to processor 'ps7_cortexa9_0'.
19:54:47 INFO  : 'configparams force-mem-access 0' command is executed.
19:54:47 INFO  : ----------------XSDB Script----------------
connect -url tcp:127.0.0.1:3121
source C:/Users/Mohsen/Desktop/zturn_sg_DMA/Mahsa/Zturn_SG_DMA/Zturn_SG_DMA.sdk/design_1_wrapper_hw_platform_0/ps7_init.tcl
targets -set -nocase -filter {name =~"APU*" && jtag_cable_name =~ "Digilent JTAG-HS2 201809054758"} -index 0
loadhw -hw C:/Users/Mohsen/Desktop/zturn_sg_DMA/Mahsa/Zturn_SG_DMA/Zturn_SG_DMA.sdk/design_1_wrapper_hw_platform_0/system.hdf -mem-ranges [list {0x40000000 0xbfffffff}]
configparams force-mem-access 1
targets -set -nocase -filter {name =~"APU*" && jtag_cable_name =~ "Digilent JTAG-HS2 201809054758"} -index 0
stop
ps7_init
ps7_post_config
targets -set -nocase -filter {name =~ "ARM*#0" && jtag_cable_name =~ "Digilent JTAG-HS2 201809054758"} -index 0
rst -processor
targets -set -nocase -filter {name =~ "ARM*#0" && jtag_cable_name =~ "Digilent JTAG-HS2 201809054758"} -index 0
dow C:/Users/Mohsen/Desktop/zturn_sg_DMA/Mahsa/Zturn_SG_DMA/Zturn_SG_DMA.sdk/DLU_4/Debug/DLU_4.elf
configparams force-mem-access 0
----------------End of Script----------------

19:54:47 INFO  : Memory regions updated for context APU
19:54:47 INFO  : Context for processor 'ps7_cortexa9_0' is selected.
19:54:47 INFO  : 'con' command is executed.
19:54:47 INFO  : ----------------XSDB Script (After Launch)----------------
targets -set -nocase -filter {name =~ "ARM*#0" && jtag_cable_name =~ "Digilent JTAG-HS2 201809054758"} -index 0
con
----------------End of Script----------------

19:54:47 INFO  : Launch script is exported to file 'C:\Users\Mohsen\Desktop\zturn_sg_DMA\Mahsa\Zturn_SG_DMA\Zturn_SG_DMA.sdk\.sdk\launch_scripts\xilinx_c-c++_application_(system_debugger)\system_debugger_using_debug_dlu_4.elf_on_local.tcl'
20:01:42 INFO  : Connected to target on host '127.0.0.1' and port '3121'.
20:01:42 INFO  : 'targets -set -filter {jtag_cable_name =~ "Digilent JTAG-HS2 201809054758" && level==0} -index 1' command is executed.
20:01:46 INFO  : FPGA configured successfully with bitstream "C:/Users/Mohsen/Desktop/zturn_sg_DMA/Mahsa/Zturn_SG_DMA/Zturn_SG_DMA.sdk/design_1_wrapper_hw_platform_0/design_1_wrapper.bit"
20:02:42 INFO  : Disconnected from the channel tcfchan#4.
20:02:43 INFO  : 'targets -set -filter {jtag_cable_name =~ "Digilent JTAG-HS2 201809054758" && level==0} -index 1' command is executed.
20:02:43 INFO  : 'fpga -state' command is executed.
20:02:43 INFO  : Connected to target on host '127.0.0.1' and port '3121'.
20:02:44 INFO  : Jtag cable 'Digilent JTAG-HS2 201809054758' is selected.
20:02:44 INFO  : 'jtag frequency' command is executed.
20:02:44 INFO  : Sourcing of 'C:/Users/Mohsen/Desktop/zturn_sg_DMA/Mahsa/Zturn_SG_DMA/Zturn_SG_DMA.sdk/design_1_wrapper_hw_platform_0/ps7_init.tcl' is done.
20:02:44 INFO  : Context for 'APU' is selected.
20:02:48 INFO  : Hardware design information is loaded from 'C:/Users/Mohsen/Desktop/zturn_sg_DMA/Mahsa/Zturn_SG_DMA/Zturn_SG_DMA.sdk/design_1_wrapper_hw_platform_0/system.hdf'.
20:02:48 INFO  : 'configparams force-mem-access 1' command is executed.
20:02:48 INFO  : Context for 'APU' is selected.
20:02:48 INFO  : 'stop' command is executed.
20:02:50 INFO  : 'ps7_init' command is executed.
20:02:50 INFO  : 'ps7_post_config' command is executed.
20:02:50 INFO  : Context for processor 'ps7_cortexa9_0' is selected.
20:02:51 INFO  : Processor reset is completed for 'ps7_cortexa9_0'.
20:02:51 INFO  : Context for processor 'ps7_cortexa9_0' is selected.
20:02:53 ERROR : Memory write error at 0x100000. AP transaction timeout
20:02:53 INFO  : ----------------XSDB Script----------------
connect -url tcp:127.0.0.1:3121
source C:/Users/Mohsen/Desktop/zturn_sg_DMA/Mahsa/Zturn_SG_DMA/Zturn_SG_DMA.sdk/design_1_wrapper_hw_platform_0/ps7_init.tcl
targets -set -nocase -filter {name =~"APU*" && jtag_cable_name =~ "Digilent JTAG-HS2 201809054758"} -index 0
loadhw -hw C:/Users/Mohsen/Desktop/zturn_sg_DMA/Mahsa/Zturn_SG_DMA/Zturn_SG_DMA.sdk/design_1_wrapper_hw_platform_0/system.hdf -mem-ranges [list {0x40000000 0xbfffffff}]
configparams force-mem-access 1
targets -set -nocase -filter {name =~"APU*" && jtag_cable_name =~ "Digilent JTAG-HS2 201809054758"} -index 0
stop
ps7_init
ps7_post_config
targets -set -nocase -filter {name =~ "ARM*#0" && jtag_cable_name =~ "Digilent JTAG-HS2 201809054758"} -index 0
rst -processor
targets -set -nocase -filter {name =~ "ARM*#0" && jtag_cable_name =~ "Digilent JTAG-HS2 201809054758"} -index 0
dow C:/Users/Mohsen/Desktop/zturn_sg_DMA/Mahsa/Zturn_SG_DMA/Zturn_SG_DMA.sdk/DLU_4/Debug/DLU_4.elf
----------------End of Script----------------

20:03:09 INFO  : Connected to target on host '127.0.0.1' and port '3121'.
20:03:10 INFO  : 'targets -set -filter {jtag_cable_name =~ "Digilent JTAG-HS2 201809054758" && level==0} -index 1' command is executed.
20:03:13 INFO  : FPGA configured successfully with bitstream "C:/Users/Mohsen/Desktop/zturn_sg_DMA/Mahsa/Zturn_SG_DMA/Zturn_SG_DMA.sdk/design_1_wrapper_hw_platform_0/design_1_wrapper.bit"
20:03:21 INFO  : 'targets -set -filter {jtag_cable_name =~ "Digilent JTAG-HS2 201809054758" && level==0} -index 1' command is executed.
20:03:22 INFO  : 'fpga -state' command is executed.
20:03:22 INFO  : Connected to target on host '127.0.0.1' and port '3121'.
20:03:22 INFO  : Jtag cable 'Digilent JTAG-HS2 201809054758' is selected.
20:03:22 INFO  : 'jtag frequency' command is executed.
20:03:22 INFO  : Sourcing of 'C:/Users/Mohsen/Desktop/zturn_sg_DMA/Mahsa/Zturn_SG_DMA/Zturn_SG_DMA.sdk/design_1_wrapper_hw_platform_0/ps7_init.tcl' is done.
20:03:22 INFO  : Context for 'APU' is selected.
20:03:22 INFO  : Hardware design information is loaded from 'C:/Users/Mohsen/Desktop/zturn_sg_DMA/Mahsa/Zturn_SG_DMA/Zturn_SG_DMA.sdk/design_1_wrapper_hw_platform_0/system.hdf'.
20:03:22 INFO  : 'configparams force-mem-access 1' command is executed.
20:03:22 INFO  : Context for 'APU' is selected.
20:03:22 INFO  : 'stop' command is executed.
20:03:23 INFO  : 'ps7_init' command is executed.
20:03:23 INFO  : 'ps7_post_config' command is executed.
20:03:23 INFO  : Context for processor 'ps7_cortexa9_0' is selected.
20:03:23 INFO  : Processor reset is completed for 'ps7_cortexa9_0'.
20:03:23 INFO  : Context for processor 'ps7_cortexa9_0' is selected.
20:03:24 INFO  : The application 'C:/Users/Mohsen/Desktop/zturn_sg_DMA/Mahsa/Zturn_SG_DMA/Zturn_SG_DMA.sdk/DLU_4/Debug/DLU_4.elf' is downloaded to processor 'ps7_cortexa9_0'.
20:03:24 INFO  : 'configparams force-mem-access 0' command is executed.
20:03:24 INFO  : ----------------XSDB Script----------------
connect -url tcp:127.0.0.1:3121
source C:/Users/Mohsen/Desktop/zturn_sg_DMA/Mahsa/Zturn_SG_DMA/Zturn_SG_DMA.sdk/design_1_wrapper_hw_platform_0/ps7_init.tcl
targets -set -nocase -filter {name =~"APU*" && jtag_cable_name =~ "Digilent JTAG-HS2 201809054758"} -index 0
loadhw -hw C:/Users/Mohsen/Desktop/zturn_sg_DMA/Mahsa/Zturn_SG_DMA/Zturn_SG_DMA.sdk/design_1_wrapper_hw_platform_0/system.hdf -mem-ranges [list {0x40000000 0xbfffffff}]
configparams force-mem-access 1
targets -set -nocase -filter {name =~"APU*" && jtag_cable_name =~ "Digilent JTAG-HS2 201809054758"} -index 0
stop
ps7_init
ps7_post_config
targets -set -nocase -filter {name =~ "ARM*#0" && jtag_cable_name =~ "Digilent JTAG-HS2 201809054758"} -index 0
rst -processor
targets -set -nocase -filter {name =~ "ARM*#0" && jtag_cable_name =~ "Digilent JTAG-HS2 201809054758"} -index 0
dow C:/Users/Mohsen/Desktop/zturn_sg_DMA/Mahsa/Zturn_SG_DMA/Zturn_SG_DMA.sdk/DLU_4/Debug/DLU_4.elf
configparams force-mem-access 0
----------------End of Script----------------

20:03:24 INFO  : Memory regions updated for context APU
20:03:24 INFO  : Context for processor 'ps7_cortexa9_0' is selected.
20:03:24 INFO  : 'con' command is executed.
20:03:24 INFO  : ----------------XSDB Script (After Launch)----------------
targets -set -nocase -filter {name =~ "ARM*#0" && jtag_cable_name =~ "Digilent JTAG-HS2 201809054758"} -index 0
con
----------------End of Script----------------

20:03:24 INFO  : Launch script is exported to file 'C:\Users\Mohsen\Desktop\zturn_sg_DMA\Mahsa\Zturn_SG_DMA\Zturn_SG_DMA.sdk\.sdk\launch_scripts\xilinx_c-c++_application_(system_debugger)\system_debugger_using_debug_dlu_4.elf_on_local.tcl'
20:05:01 INFO  : Connected to target on host '127.0.0.1' and port '3121'.
20:05:02 INFO  : 'targets -set -filter {jtag_cable_name =~ "Digilent JTAG-HS2 201809054758" && level==0} -index 1' command is executed.
20:05:05 INFO  : FPGA configured successfully with bitstream "C:/Users/Mohsen/Desktop/zturn_sg_DMA/Mahsa/Zturn_SG_DMA/Zturn_SG_DMA.sdk/design_1_wrapper_hw_platform_0/design_1_wrapper.bit"
20:05:11 INFO  : Disconnected from the channel tcfchan#5.
20:05:12 INFO  : 'targets -set -filter {jtag_cable_name =~ "Digilent JTAG-HS2 201809054758" && level==0} -index 1' command is executed.
20:05:12 INFO  : 'fpga -state' command is executed.
20:05:12 INFO  : Connected to target on host '127.0.0.1' and port '3121'.
20:05:13 INFO  : Jtag cable 'Digilent JTAG-HS2 201809054758' is selected.
20:05:13 INFO  : 'jtag frequency' command is executed.
20:05:13 INFO  : Sourcing of 'C:/Users/Mohsen/Desktop/zturn_sg_DMA/Mahsa/Zturn_SG_DMA/Zturn_SG_DMA.sdk/design_1_wrapper_hw_platform_0/ps7_init.tcl' is done.
20:05:13 INFO  : Context for 'APU' is selected.
20:05:17 INFO  : Hardware design information is loaded from 'C:/Users/Mohsen/Desktop/zturn_sg_DMA/Mahsa/Zturn_SG_DMA/Zturn_SG_DMA.sdk/design_1_wrapper_hw_platform_0/system.hdf'.
20:05:17 INFO  : 'configparams force-mem-access 1' command is executed.
20:05:17 INFO  : Context for 'APU' is selected.
20:05:17 INFO  : 'stop' command is executed.
20:05:17 INFO  : 'ps7_init' command is executed.
20:05:17 INFO  : 'ps7_post_config' command is executed.
20:05:17 INFO  : Context for processor 'ps7_cortexa9_0' is selected.
20:05:18 INFO  : Processor reset is completed for 'ps7_cortexa9_0'.
20:05:18 INFO  : Context for processor 'ps7_cortexa9_0' is selected.
20:05:18 INFO  : The application 'C:/Users/Mohsen/Desktop/zturn_sg_DMA/Mahsa/Zturn_SG_DMA/Zturn_SG_DMA.sdk/DLU_4/Debug/DLU_4.elf' is downloaded to processor 'ps7_cortexa9_0'.
20:05:18 INFO  : 'configparams force-mem-access 0' command is executed.
20:05:18 INFO  : ----------------XSDB Script----------------
connect -url tcp:127.0.0.1:3121
source C:/Users/Mohsen/Desktop/zturn_sg_DMA/Mahsa/Zturn_SG_DMA/Zturn_SG_DMA.sdk/design_1_wrapper_hw_platform_0/ps7_init.tcl
targets -set -nocase -filter {name =~"APU*" && jtag_cable_name =~ "Digilent JTAG-HS2 201809054758"} -index 0
loadhw -hw C:/Users/Mohsen/Desktop/zturn_sg_DMA/Mahsa/Zturn_SG_DMA/Zturn_SG_DMA.sdk/design_1_wrapper_hw_platform_0/system.hdf -mem-ranges [list {0x40000000 0xbfffffff}]
configparams force-mem-access 1
targets -set -nocase -filter {name =~"APU*" && jtag_cable_name =~ "Digilent JTAG-HS2 201809054758"} -index 0
stop
ps7_init
ps7_post_config
targets -set -nocase -filter {name =~ "ARM*#0" && jtag_cable_name =~ "Digilent JTAG-HS2 201809054758"} -index 0
rst -processor
targets -set -nocase -filter {name =~ "ARM*#0" && jtag_cable_name =~ "Digilent JTAG-HS2 201809054758"} -index 0
dow C:/Users/Mohsen/Desktop/zturn_sg_DMA/Mahsa/Zturn_SG_DMA/Zturn_SG_DMA.sdk/DLU_4/Debug/DLU_4.elf
configparams force-mem-access 0
----------------End of Script----------------

20:05:18 INFO  : Memory regions updated for context APU
20:05:18 INFO  : Context for processor 'ps7_cortexa9_0' is selected.
20:05:18 INFO  : 'con' command is executed.
20:05:18 INFO  : ----------------XSDB Script (After Launch)----------------
targets -set -nocase -filter {name =~ "ARM*#0" && jtag_cable_name =~ "Digilent JTAG-HS2 201809054758"} -index 0
con
----------------End of Script----------------

20:05:18 INFO  : Launch script is exported to file 'C:\Users\Mohsen\Desktop\zturn_sg_DMA\Mahsa\Zturn_SG_DMA\Zturn_SG_DMA.sdk\.sdk\launch_scripts\xilinx_c-c++_application_(system_debugger)\system_debugger_using_debug_dlu_4.elf_on_local.tcl'
20:05:38 INFO  : Disconnected from the channel tcfchan#6.
20:05:39 INFO  : 'targets -set -filter {jtag_cable_name =~ "Digilent JTAG-HS2 201809054758" && level==0} -index 1' command is executed.
20:05:39 INFO  : 'fpga -state' command is executed.
20:05:39 INFO  : Connected to target on host '127.0.0.1' and port '3121'.
20:05:40 INFO  : Jtag cable 'Digilent JTAG-HS2 201809054758' is selected.
20:05:40 INFO  : 'jtag frequency' command is executed.
20:05:40 INFO  : Sourcing of 'C:/Users/Mohsen/Desktop/zturn_sg_DMA/Mahsa/Zturn_SG_DMA/Zturn_SG_DMA.sdk/design_1_wrapper_hw_platform_0/ps7_init.tcl' is done.
20:05:40 INFO  : Context for 'APU' is selected.
20:05:44 INFO  : Hardware design information is loaded from 'C:/Users/Mohsen/Desktop/zturn_sg_DMA/Mahsa/Zturn_SG_DMA/Zturn_SG_DMA.sdk/design_1_wrapper_hw_platform_0/system.hdf'.
20:05:44 INFO  : 'configparams force-mem-access 1' command is executed.
20:05:44 INFO  : Context for 'APU' is selected.
20:05:44 INFO  : 'stop' command is executed.
20:05:44 INFO  : 'ps7_init' command is executed.
20:05:44 INFO  : 'ps7_post_config' command is executed.
20:05:45 INFO  : Context for processor 'ps7_cortexa9_0' is selected.
20:05:45 INFO  : Processor reset is completed for 'ps7_cortexa9_0'.
20:05:45 INFO  : Context for processor 'ps7_cortexa9_0' is selected.
20:05:45 INFO  : The application 'C:/Users/Mohsen/Desktop/zturn_sg_DMA/Mahsa/Zturn_SG_DMA/Zturn_SG_DMA.sdk/DLU_4/Debug/DLU_4.elf' is downloaded to processor 'ps7_cortexa9_0'.
20:05:45 INFO  : 'configparams force-mem-access 0' command is executed.
20:05:45 INFO  : ----------------XSDB Script----------------
connect -url tcp:127.0.0.1:3121
source C:/Users/Mohsen/Desktop/zturn_sg_DMA/Mahsa/Zturn_SG_DMA/Zturn_SG_DMA.sdk/design_1_wrapper_hw_platform_0/ps7_init.tcl
targets -set -nocase -filter {name =~"APU*" && jtag_cable_name =~ "Digilent JTAG-HS2 201809054758"} -index 0
loadhw -hw C:/Users/Mohsen/Desktop/zturn_sg_DMA/Mahsa/Zturn_SG_DMA/Zturn_SG_DMA.sdk/design_1_wrapper_hw_platform_0/system.hdf -mem-ranges [list {0x40000000 0xbfffffff}]
configparams force-mem-access 1
targets -set -nocase -filter {name =~"APU*" && jtag_cable_name =~ "Digilent JTAG-HS2 201809054758"} -index 0
stop
ps7_init
ps7_post_config
targets -set -nocase -filter {name =~ "ARM*#0" && jtag_cable_name =~ "Digilent JTAG-HS2 201809054758"} -index 0
rst -processor
targets -set -nocase -filter {name =~ "ARM*#0" && jtag_cable_name =~ "Digilent JTAG-HS2 201809054758"} -index 0
dow C:/Users/Mohsen/Desktop/zturn_sg_DMA/Mahsa/Zturn_SG_DMA/Zturn_SG_DMA.sdk/DLU_4/Debug/DLU_4.elf
configparams force-mem-access 0
----------------End of Script----------------

20:05:45 INFO  : Memory regions updated for context APU
20:05:45 INFO  : Context for processor 'ps7_cortexa9_0' is selected.
20:05:45 INFO  : 'con' command is executed.
20:05:45 INFO  : ----------------XSDB Script (After Launch)----------------
targets -set -nocase -filter {name =~ "ARM*#0" && jtag_cable_name =~ "Digilent JTAG-HS2 201809054758"} -index 0
con
----------------End of Script----------------

20:05:45 INFO  : Launch script is exported to file 'C:\Users\Mohsen\Desktop\zturn_sg_DMA\Mahsa\Zturn_SG_DMA\Zturn_SG_DMA.sdk\.sdk\launch_scripts\xilinx_c-c++_application_(system_debugger)\system_debugger_using_debug_dlu_4.elf_on_local.tcl'
21:41:12 INFO  : Connected to target on host '127.0.0.1' and port '3121'.
21:41:12 INFO  : 'targets -set -filter {jtag_cable_name =~ "Digilent JTAG-HS2 201809054758" && level==0} -index 1' command is executed.
21:41:16 INFO  : FPGA configured successfully with bitstream "C:/Users/Mohsen/Desktop/zturn_sg_DMA/Mahsa/Zturn_SG_DMA/Zturn_SG_DMA.sdk/design_1_wrapper_hw_platform_0/design_1_wrapper.bit"
21:41:22 INFO  : Disconnected from the channel tcfchan#7.
21:41:23 INFO  : 'targets -set -filter {jtag_cable_name =~ "Digilent JTAG-HS2 201809054758" && level==0} -index 1' command is executed.
21:41:23 INFO  : 'fpga -state' command is executed.
21:41:23 INFO  : Connected to target on host '127.0.0.1' and port '3121'.
21:41:23 INFO  : Jtag cable 'Digilent JTAG-HS2 201809054758' is selected.
21:41:24 INFO  : 'jtag frequency' command is executed.
21:41:24 INFO  : Sourcing of 'C:/Users/Mohsen/Desktop/zturn_sg_DMA/Mahsa/Zturn_SG_DMA/Zturn_SG_DMA.sdk/design_1_wrapper_hw_platform_0/ps7_init.tcl' is done.
21:41:24 INFO  : Context for 'APU' is selected.
21:41:27 INFO  : Hardware design information is loaded from 'C:/Users/Mohsen/Desktop/zturn_sg_DMA/Mahsa/Zturn_SG_DMA/Zturn_SG_DMA.sdk/design_1_wrapper_hw_platform_0/system.hdf'.
21:41:27 INFO  : 'configparams force-mem-access 1' command is executed.
21:41:27 INFO  : Context for 'APU' is selected.
21:41:27 INFO  : 'stop' command is executed.
21:41:28 INFO  : 'ps7_init' command is executed.
21:41:28 INFO  : 'ps7_post_config' command is executed.
21:41:28 INFO  : Context for processor 'ps7_cortexa9_0' is selected.
21:41:28 INFO  : Processor reset is completed for 'ps7_cortexa9_0'.
21:41:28 INFO  : Context for processor 'ps7_cortexa9_0' is selected.
21:41:28 INFO  : The application 'C:/Users/Mohsen/Desktop/zturn_sg_DMA/Mahsa/Zturn_SG_DMA/Zturn_SG_DMA.sdk/DLU_4/Debug/DLU_4.elf' is downloaded to processor 'ps7_cortexa9_0'.
21:41:28 INFO  : 'configparams force-mem-access 0' command is executed.
21:41:28 INFO  : ----------------XSDB Script----------------
connect -url tcp:127.0.0.1:3121
source C:/Users/Mohsen/Desktop/zturn_sg_DMA/Mahsa/Zturn_SG_DMA/Zturn_SG_DMA.sdk/design_1_wrapper_hw_platform_0/ps7_init.tcl
targets -set -nocase -filter {name =~"APU*" && jtag_cable_name =~ "Digilent JTAG-HS2 201809054758"} -index 0
loadhw -hw C:/Users/Mohsen/Desktop/zturn_sg_DMA/Mahsa/Zturn_SG_DMA/Zturn_SG_DMA.sdk/design_1_wrapper_hw_platform_0/system.hdf -mem-ranges [list {0x40000000 0xbfffffff}]
configparams force-mem-access 1
targets -set -nocase -filter {name =~"APU*" && jtag_cable_name =~ "Digilent JTAG-HS2 201809054758"} -index 0
stop
ps7_init
ps7_post_config
targets -set -nocase -filter {name =~ "ARM*#0" && jtag_cable_name =~ "Digilent JTAG-HS2 201809054758"} -index 0
rst -processor
targets -set -nocase -filter {name =~ "ARM*#0" && jtag_cable_name =~ "Digilent JTAG-HS2 201809054758"} -index 0
dow C:/Users/Mohsen/Desktop/zturn_sg_DMA/Mahsa/Zturn_SG_DMA/Zturn_SG_DMA.sdk/DLU_4/Debug/DLU_4.elf
configparams force-mem-access 0
----------------End of Script----------------

21:41:28 INFO  : Memory regions updated for context APU
21:41:28 INFO  : Context for processor 'ps7_cortexa9_0' is selected.
21:41:29 INFO  : 'con' command is executed.
21:41:29 INFO  : ----------------XSDB Script (After Launch)----------------
targets -set -nocase -filter {name =~ "ARM*#0" && jtag_cable_name =~ "Digilent JTAG-HS2 201809054758"} -index 0
con
----------------End of Script----------------

21:41:29 INFO  : Launch script is exported to file 'C:\Users\Mohsen\Desktop\zturn_sg_DMA\Mahsa\Zturn_SG_DMA\Zturn_SG_DMA.sdk\.sdk\launch_scripts\xilinx_c-c++_application_(system_debugger)\system_debugger_using_debug_dlu_4.elf_on_local.tcl'
23:13:57 INFO  : Disconnected from the channel tcfchan#8.
22:55:32 INFO  : Launching XSCT server: xsct.bat -interactive C:\Users\Mohsen\Desktop\zturn_sg_DMA\Mahsa\Zturn_SG_DMA\Zturn_SG_DMA.sdk\temp_xsdb_launch_script.tcl
22:55:32 INFO  : Registering command handlers for SDK TCF services
22:55:39 INFO  : XSCT server has started successfully.
22:55:43 INFO  : Processing command line option -hwspec C:/Users/Mohsen/Desktop/zturn_sg_DMA/Mahsa/Zturn_SG_DMA/Zturn_SG_DMA.sdk/design_1_wrapper.hdf.
22:55:43 INFO  : Successfully done setting XSCT server connection channel  
22:55:43 INFO  : Successfully done setting SDK workspace  
22:55:43 INFO  : Checking for hwspec changes in the project design_1_wrapper_hw_platform_0.
